d:\study\master\24spring\csci520 animation\starter-csci520-assign1\starter-csci520-assign1\bin\release\vc141.pdb
d:\study\master\24spring\csci520 animation\starter-csci520-assign1\starter-csci520-assign1\bin\release\showcube.obj
d:\study\master\24spring\csci520 animation\starter-csci520-assign1\starter-csci520-assign1\bin\release\ppm.obj
d:\study\master\24spring\csci520 animation\starter-csci520-assign1\starter-csci520-assign1\bin\release\pic.obj
d:\study\master\24spring\csci520 animation\starter-csci520-assign1\starter-csci520-assign1\bin\release\physics.obj
d:\study\master\24spring\csci520 animation\starter-csci520-assign1\starter-csci520-assign1\bin\release\jello.obj
d:\study\master\24spring\csci520 animation\starter-csci520-assign1\starter-csci520-assign1\bin\release\input.obj
d:\study\master\24spring\csci520 animation\starter-csci520-assign1\starter-csci520-assign1\bin\release\jello.ipdb
d:\study\master\24spring\csci520 animation\starter-csci520-assign1\starter-csci520-assign1\bin\release\jello.iobj
d:\study\master\24spring\csci520 animation\starter-csci520-assign1\starter-csci520-assign1\bin\release\jello.exe
d:\study\master\24spring\csci520 animation\starter-csci520-assign1\starter-csci520-assign1\bin\release\jello.pdb
d:\study\master\24spring\csci520 animation\starter-csci520-assign1\starter-csci520-assign1\\bin\release\jello.pdb
d:\study\master\24spring\csci520 animation\starter-csci520-assign1\starter-csci520-assign1\\bin\release\jello.exe
d:\study\master\24spring\csci520 animation\starter-csci520-assign1\starter-csci520-assign1\bin\release\jello.tlog\cl.command.1.tlog
d:\study\master\24spring\csci520 animation\starter-csci520-assign1\starter-csci520-assign1\bin\release\jello.tlog\cl.read.1.tlog
d:\study\master\24spring\csci520 animation\starter-csci520-assign1\starter-csci520-assign1\bin\release\jello.tlog\cl.write.1.tlog
d:\study\master\24spring\csci520 animation\starter-csci520-assign1\starter-csci520-assign1\bin\release\jello.tlog\jello.write.1u.tlog
d:\study\master\24spring\csci520 animation\starter-csci520-assign1\starter-csci520-assign1\bin\release\jello.tlog\link.command.1.tlog
d:\study\master\24spring\csci520 animation\starter-csci520-assign1\starter-csci520-assign1\bin\release\jello.tlog\link.read.1.tlog
d:\study\master\24spring\csci520 animation\starter-csci520-assign1\starter-csci520-assign1\bin\release\jello.tlog\link.write.1.tlog
