D:\Installation\vs2017\Common7\IDE\VC\VCTargets\Microsoft.CppBuild.targets(391,5): warning MSB8028: 中间目录(D:\Study\Master\24spring\CSCI520 Animation\starter-csci520-assign1\starter-csci520-assign1\\Bin\Release\)包含从另一个项目(createWorld.vcxproj)共享的文件。   这会导致错误的清除和重新生成行为。
  input.cpp
  jello.cpp
d:\study\master\24spring\csci520 animation\starter-csci520-assign1\starter-csci520-assign1\jello.cpp(137): warning C4305: “初始化”: 从“double”到“GLfloat”截断
d:\study\master\24spring\csci520 animation\starter-csci520-assign1\starter-csci520-assign1\jello.cpp(138): warning C4305: “初始化”: 从“double”到“GLfloat”截断
d:\study\master\24spring\csci520 animation\starter-csci520-assign1\starter-csci520-assign1\jello.cpp(139): warning C4305: “初始化”: 从“double”到“GLfloat”截断
d:\study\master\24spring\csci520 animation\starter-csci520-assign1\starter-csci520-assign1\jello.cpp(140): warning C4305: “初始化”: 从“double”到“GLfloat”截断
d:\study\master\24spring\csci520 animation\starter-csci520-assign1\starter-csci520-assign1\jello.cpp(141): warning C4305: “初始化”: 从“double”到“GLfloat”截断
d:\study\master\24spring\csci520 animation\starter-csci520-assign1\starter-csci520-assign1\jello.cpp(142): warning C4305: “初始化”: 从“double”到“GLfloat”截断
d:\study\master\24spring\csci520 animation\starter-csci520-assign1\starter-csci520-assign1\jello.cpp(143): warning C4305: “初始化”: 从“double”到“GLfloat”截断
d:\study\master\24spring\csci520 animation\starter-csci520-assign1\starter-csci520-assign1\jello.cpp(144): warning C4305: “初始化”: 从“double”到“GLfloat”截断
d:\study\master\24spring\csci520 animation\starter-csci520-assign1\starter-csci520-assign1\jello.cpp(149): warning C4305: “初始化”: 从“double”到“GLfloat”截断
d:\study\master\24spring\csci520 animation\starter-csci520-assign1\starter-csci520-assign1\jello.cpp(204): warning C4101: “i”: 未引用的局部变量
  physics.cpp
d:\study\master\24spring\csci520 animation\starter-csci520-assign1\starter-csci520-assign1\physics.cpp(284): warning C4244: “初始化”: 从“double”转换到“int”，可能丢失数据
d:\study\master\24spring\csci520 animation\starter-csci520-assign1\starter-csci520-assign1\physics.cpp(285): warning C4244: “初始化”: 从“double”转换到“int”，可能丢失数据
d:\study\master\24spring\csci520 animation\starter-csci520-assign1\starter-csci520-assign1\physics.cpp(286): warning C4244: “初始化”: 从“double”转换到“int”，可能丢失数据
d:\study\master\24spring\csci520 animation\starter-csci520-assign1\starter-csci520-assign1\physics.cpp(395): warning C4101: “z”: 未引用的局部变量
  pic.cpp
d:\study\master\24spring\csci520 animation\starter-csci520-assign1\starter-csci520-assign1\pic.cpp(52): warning C4101: “byte”: 未引用的局部变量
d:\study\master\24spring\csci520 animation\starter-csci520-assign1\starter-csci520-assign1\pic.cpp(53): warning C4101: “i”: 未引用的局部变量
  ppm.cpp
  showCube.cpp
d:\study\master\24spring\csci520 animation\starter-csci520-assign1\starter-csci520-assign1\showcube.cpp(91): warning C4244: “参数”: 从“double”转换到“GLfloat”，可能丢失数据
d:\study\master\24spring\csci520 animation\starter-csci520-assign1\starter-csci520-assign1\showcube.cpp(103): warning C4244: “参数”: 从“double”转换到“GLfloat”，可能丢失数据
d:\study\master\24spring\csci520 animation\starter-csci520-assign1\starter-csci520-assign1\showcube.cpp(104): warning C4244: “参数”: 从“double”转换到“GLfloat”，可能丢失数据
d:\study\master\24spring\csci520 animation\starter-csci520-assign1\starter-csci520-assign1\showcube.cpp(105): warning C4244: “参数”: 从“double”转换到“GLfloat”，可能丢失数据
d:\study\master\24spring\csci520 animation\starter-csci520-assign1\starter-csci520-assign1\showcube.cpp(106): warning C4244: “参数”: 从“double”转换到“GLfloat”，可能丢失数据
d:\study\master\24spring\csci520 animation\starter-csci520-assign1\starter-csci520-assign1\showcube.cpp(107): warning C4244: “参数”: 从“double”转换到“GLfloat”，可能丢失数据
d:\study\master\24spring\csci520 animation\starter-csci520-assign1\starter-csci520-assign1\showcube.cpp(108): warning C4244: “参数”: 从“double”转换到“GLfloat”，可能丢失数据
d:\study\master\24spring\csci520 animation\starter-csci520-assign1\starter-csci520-assign1\showcube.cpp(115): warning C4244: “参数”: 从“double”转换到“GLfloat”，可能丢失数据
d:\study\master\24spring\csci520 animation\starter-csci520-assign1\starter-csci520-assign1\showcube.cpp(116): warning C4244: “参数”: 从“double”转换到“GLfloat”，可能丢失数据
d:\study\master\24spring\csci520 animation\starter-csci520-assign1\starter-csci520-assign1\showcube.cpp(117): warning C4244: “参数”: 从“double”转换到“GLfloat”，可能丢失数据
d:\study\master\24spring\csci520 animation\starter-csci520-assign1\starter-csci520-assign1\showcube.cpp(118): warning C4244: “参数”: 从“double”转换到“GLfloat”，可能丢失数据
d:\study\master\24spring\csci520 animation\starter-csci520-assign1\starter-csci520-assign1\showcube.cpp(119): warning C4244: “参数”: 从“double”转换到“GLfloat”，可能丢失数据
d:\study\master\24spring\csci520 animation\starter-csci520-assign1\starter-csci520-assign1\showcube.cpp(120): warning C4244: “参数”: 从“double”转换到“GLfloat”，可能丢失数据
d:\study\master\24spring\csci520 animation\starter-csci520-assign1\starter-csci520-assign1\showcube.cpp(121): warning C4244: “参数”: 从“double”转换到“GLfloat”，可能丢失数据
d:\study\master\24spring\csci520 animation\starter-csci520-assign1\starter-csci520-assign1\showcube.cpp(122): warning C4244: “参数”: 从“double”转换到“GLfloat”，可能丢失数据
d:\study\master\24spring\csci520 animation\starter-csci520-assign1\starter-csci520-assign1\showcube.cpp(123): warning C4244: “参数”: 从“double”转换到“GLfloat”，可能丢失数据
d:\study\master\24spring\csci520 animation\starter-csci520-assign1\starter-csci520-assign1\showcube.cpp(124): warning C4244: “参数”: 从“double”转换到“GLfloat”，可能丢失数据
d:\study\master\24spring\csci520 animation\starter-csci520-assign1\starter-csci520-assign1\showcube.cpp(125): warning C4244: “参数”: 从“double”转换到“GLfloat”，可能丢失数据
d:\study\master\24spring\csci520 animation\starter-csci520-assign1\starter-csci520-assign1\showcube.cpp(126): warning C4244: “参数”: 从“double”转换到“GLfloat”，可能丢失数据
d:\study\master\24spring\csci520 animation\starter-csci520-assign1\starter-csci520-assign1\showcube.cpp(128): warning C4244: “参数”: 从“double”转换到“GLfloat”，可能丢失数据
d:\study\master\24spring\csci520 animation\starter-csci520-assign1\starter-csci520-assign1\showcube.cpp(129): warning C4244: “参数”: 从“double”转换到“GLfloat”，可能丢失数据
d:\study\master\24spring\csci520 animation\starter-csci520-assign1\starter-csci520-assign1\showcube.cpp(130): warning C4244: “参数”: 从“double”转换到“GLfloat”，可能丢失数据
d:\study\master\24spring\csci520 animation\starter-csci520-assign1\starter-csci520-assign1\showcube.cpp(131): warning C4244: “参数”: 从“double”转换到“GLfloat”，可能丢失数据
d:\study\master\24spring\csci520 animation\starter-csci520-assign1\starter-csci520-assign1\showcube.cpp(132): warning C4244: “参数”: 从“double”转换到“GLfloat”，可能丢失数据
d:\study\master\24spring\csci520 animation\starter-csci520-assign1\starter-csci520-assign1\showcube.cpp(133): warning C4244: “参数”: 从“double”转换到“GLfloat”，可能丢失数据
d:\study\master\24spring\csci520 animation\starter-csci520-assign1\starter-csci520-assign1\showcube.cpp(134): warning C4244: “参数”: 从“double”转换到“GLfloat”，可能丢失数据
d:\study\master\24spring\csci520 animation\starter-csci520-assign1\starter-csci520-assign1\showcube.cpp(135): warning C4244: “参数”: 从“double”转换到“GLfloat”，可能丢失数据
d:\study\master\24spring\csci520 animation\starter-csci520-assign1\starter-csci520-assign1\showcube.cpp(142): warning C4244: “参数”: 从“double”转换到“GLfloat”，可能丢失数据
d:\study\master\24spring\csci520 animation\starter-csci520-assign1\starter-csci520-assign1\showcube.cpp(143): warning C4244: “参数”: 从“double”转换到“GLfloat”，可能丢失数据
d:\study\master\24spring\csci520 animation\starter-csci520-assign1\starter-csci520-assign1\showcube.cpp(144): warning C4244: “参数”: 从“double”转换到“GLfloat”，可能丢失数据
d:\study\master\24spring\csci520 animation\starter-csci520-assign1\starter-csci520-assign1\showcube.cpp(145): warning C4244: “参数”: 从“double”转换到“GLfloat”，可能丢失数据
d:\study\master\24spring\csci520 animation\starter-csci520-assign1\starter-csci520-assign1\showcube.cpp(146): warning C4244: “参数”: 从“double”转换到“GLfloat”，可能丢失数据
d:\study\master\24spring\csci520 animation\starter-csci520-assign1\starter-csci520-assign1\showcube.cpp(147): warning C4244: “参数”: 从“double”转换到“GLfloat”，可能丢失数据
d:\study\master\24spring\csci520 animation\starter-csci520-assign1\starter-csci520-assign1\showcube.cpp(218): warning C4244: “参数”: 从“double”转换到“GLfloat”，可能丢失数据
d:\study\master\24spring\csci520 animation\starter-csci520-assign1\starter-csci520-assign1\showcube.cpp(217): warning C4244: “参数”: 从“double”转换到“GLfloat”，可能丢失数据
d:\study\master\24spring\csci520 animation\starter-csci520-assign1\starter-csci520-assign1\showcube.cpp(219): warning C4244: “参数”: 从“double”转换到“GLfloat”，可能丢失数据
d:\study\master\24spring\csci520 animation\starter-csci520-assign1\starter-csci520-assign1\showcube.cpp(221): warning C4244: “参数”: 从“double”转换到“GLfloat”，可能丢失数据
d:\study\master\24spring\csci520 animation\starter-csci520-assign1\starter-csci520-assign1\showcube.cpp(220): warning C4244: “参数”: 从“double”转换到“GLfloat”，可能丢失数据
d:\study\master\24spring\csci520 animation\starter-csci520-assign1\starter-csci520-assign1\showcube.cpp(222): warning C4244: “参数”: 从“double”转换到“GLfloat”，可能丢失数据
d:\study\master\24spring\csci520 animation\starter-csci520-assign1\starter-csci520-assign1\showcube.cpp(237): warning C4305: “参数”: 从“double”到“GLfloat”截断
d:\study\master\24spring\csci520 animation\starter-csci520-assign1\starter-csci520-assign1\showcube.cpp(244): warning C4244: “参数”: 从“int”转换到“GLfloat”，可能丢失数据
d:\study\master\24spring\csci520 animation\starter-csci520-assign1\starter-csci520-assign1\showcube.cpp(245): warning C4244: “参数”: 从“int”转换到“GLfloat”，可能丢失数据
d:\study\master\24spring\csci520 animation\starter-csci520-assign1\starter-csci520-assign1\showcube.cpp(249): warning C4244: “参数”: 从“int”转换到“GLfloat”，可能丢失数据
d:\study\master\24spring\csci520 animation\starter-csci520-assign1\starter-csci520-assign1\showcube.cpp(250): warning C4244: “参数”: 从“int”转换到“GLfloat”，可能丢失数据
d:\study\master\24spring\csci520 animation\starter-csci520-assign1\starter-csci520-assign1\showcube.cpp(256): warning C4244: “参数”: 从“int”转换到“GLfloat”，可能丢失数据
d:\study\master\24spring\csci520 animation\starter-csci520-assign1\starter-csci520-assign1\showcube.cpp(257): warning C4244: “参数”: 从“int”转换到“GLfloat”，可能丢失数据
d:\study\master\24spring\csci520 animation\starter-csci520-assign1\starter-csci520-assign1\showcube.cpp(261): warning C4244: “参数”: 从“int”转换到“GLfloat”，可能丢失数据
d:\study\master\24spring\csci520 animation\starter-csci520-assign1\starter-csci520-assign1\showcube.cpp(262): warning C4244: “参数”: 从“int”转换到“GLfloat”，可能丢失数据
d:\study\master\24spring\csci520 animation\starter-csci520-assign1\starter-csci520-assign1\showcube.cpp(268): warning C4244: “参数”: 从“int”转换到“GLfloat”，可能丢失数据
d:\study\master\24spring\csci520 animation\starter-csci520-assign1\starter-csci520-assign1\showcube.cpp(269): warning C4244: “参数”: 从“int”转换到“GLfloat”，可能丢失数据
d:\study\master\24spring\csci520 animation\starter-csci520-assign1\starter-csci520-assign1\showcube.cpp(273): warning C4244: “参数”: 从“int”转换到“GLfloat”，可能丢失数据
d:\study\master\24spring\csci520 animation\starter-csci520-assign1\starter-csci520-assign1\showcube.cpp(274): warning C4244: “参数”: 从“int”转换到“GLfloat”，可能丢失数据
d:\study\master\24spring\csci520 animation\starter-csci520-assign1\starter-csci520-assign1\showcube.cpp(280): warning C4244: “参数”: 从“int”转换到“GLfloat”，可能丢失数据
d:\study\master\24spring\csci520 animation\starter-csci520-assign1\starter-csci520-assign1\showcube.cpp(281): warning C4244: “参数”: 从“int”转换到“GLfloat”，可能丢失数据
d:\study\master\24spring\csci520 animation\starter-csci520-assign1\starter-csci520-assign1\showcube.cpp(285): warning C4244: “参数”: 从“int”转换到“GLfloat”，可能丢失数据
d:\study\master\24spring\csci520 animation\starter-csci520-assign1\starter-csci520-assign1\showcube.cpp(286): warning C4244: “参数”: 从“int”转换到“GLfloat”，可能丢失数据
  正在生成代码
  All 36 functions were compiled because no usable IPDB/IOBJ from previous compilation was found.
  已完成代码的生成
  jello.vcxproj -> D:\Study\Master\24spring\CSCI520 Animation\starter-csci520-assign1\starter-csci520-assign1\\Bin\Release\jello.exe
