d:\study\master\24spring\csci520 animation\starter-csci520-assign1\starter-csci520-assign1\bin\debug\vc141.pdb
d:\study\master\24spring\csci520 animation\starter-csci520-assign1\starter-csci520-assign1\bin\debug\vc141.idb
d:\study\master\24spring\csci520 animation\starter-csci520-assign1\starter-csci520-assign1\bin\debug\showcube.obj
d:\study\master\24spring\csci520 animation\starter-csci520-assign1\starter-csci520-assign1\bin\debug\ppm.obj
d:\study\master\24spring\csci520 animation\starter-csci520-assign1\starter-csci520-assign1\bin\debug\pic.obj
d:\study\master\24spring\csci520 animation\starter-csci520-assign1\starter-csci520-assign1\bin\debug\physics.obj
d:\study\master\24spring\csci520 animation\starter-csci520-assign1\starter-csci520-assign1\bin\debug\jello.obj
d:\study\master\24spring\csci520 animation\starter-csci520-assign1\starter-csci520-assign1\bin\debug\input.obj
d:\study\master\24spring\csci520 animation\starter-csci520-assign1\starter-csci520-assign1\bin\debug\jello.ilk
d:\study\master\24spring\csci520 animation\starter-csci520-assign1\starter-csci520-assign1\bin\debug\jello.exe
d:\study\master\24spring\csci520 animation\starter-csci520-assign1\starter-csci520-assign1\bin\debug\jello.pdb
d:\study\master\24spring\csci520 animation\starter-csci520-assign1\starter-csci520-assign1\bin\debug\createworld.obj
d:\study\master\24spring\csci520 animation\starter-csci520-assign1\starter-csci520-assign1\bin\debug\createworld.ilk
d:\study\master\24spring\csci520 animation\starter-csci520-assign1\starter-csci520-assign1\bin\debug\createworld.pdb
d:\study\master\24spring\csci520 animation\starter-csci520-assign1\starter-csci520-assign1\\bin\debug\jello.exe
d:\study\master\24spring\csci520 animation\starter-csci520-assign1\starter-csci520-assign1\bin\debug\jello.tlog\cl.command.1.tlog
d:\study\master\24spring\csci520 animation\starter-csci520-assign1\starter-csci520-assign1\bin\debug\jello.tlog\cl.read.1.tlog
d:\study\master\24spring\csci520 animation\starter-csci520-assign1\starter-csci520-assign1\bin\debug\jello.tlog\cl.write.1.tlog
d:\study\master\24spring\csci520 animation\starter-csci520-assign1\starter-csci520-assign1\bin\debug\jello.tlog\link.command.1.tlog
d:\study\master\24spring\csci520 animation\starter-csci520-assign1\starter-csci520-assign1\bin\debug\jello.tlog\link.read.1.tlog
d:\study\master\24spring\csci520 animation\starter-csci520-assign1\starter-csci520-assign1\bin\debug\jello.tlog\link.write.1.tlog
