d:\study\master\24spring\csci520 animation\csci520-assignment2-startercode\csci520-assignment2-startercode\ide-starter\vs2017\mocapplayer\debug\vc141.pdb
d:\study\master\24spring\csci520 animation\csci520-assignment2-startercode\csci520-assignment2-startercode\ide-starter\vs2017\mocapplayer\debug\vc141.idb
d:\study\master\24spring\csci520 animation\csci520-assignment2-startercode\csci520-assignment2-startercode\ide-starter\vs2017\mocapplayer\debug\ppm.obj
d:\study\master\24spring\csci520 animation\csci520-assignment2-startercode\csci520-assignment2-startercode\ide-starter\vs2017\mocapplayer\debug\mocapplayer.obj
d:\study\master\24spring\csci520 animation\csci520-assignment2-startercode\csci520-assignment2-startercode\ide-starter\vs2017\debug\mocapplayer.exe
d:\study\master\24spring\csci520 animation\csci520-assignment2-startercode\csci520-assignment2-startercode\ide-starter\vs2017\debug\mocapplayer.ilk
d:\study\master\24spring\csci520 animation\csci520-assignment2-startercode\csci520-assignment2-startercode\ide-starter\vs2017\debug\mocapplayer.pdb
d:\study\master\24spring\csci520 animation\csci520-assignment2-startercode\csci520-assignment2-startercode\ide-starter\vs2017\mocapplayer\debug\displayskeleton.obj
d:\study\master\24spring\csci520 animation\csci520-assignment2-startercode\csci520-assignment2-startercode\ide-starter\vs2017\mocapplayer\debug\interface.obj
d:\study\master\24spring\csci520 animation\csci520-assignment2-startercode\csci520-assignment2-startercode\ide-starter\vs2017\mocapplayer\debug\motion.obj
d:\study\master\24spring\csci520 animation\csci520-assignment2-startercode\csci520-assignment2-startercode\ide-starter\vs2017\mocapplayer\debug\performancecounter.obj
d:\study\master\24spring\csci520 animation\csci520-assignment2-startercode\csci520-assignment2-startercode\ide-starter\vs2017\mocapplayer\debug\pic.obj
d:\study\master\24spring\csci520 animation\csci520-assignment2-startercode\csci520-assignment2-startercode\ide-starter\vs2017\mocapplayer\debug\posture.obj
d:\study\master\24spring\csci520 animation\csci520-assignment2-startercode\csci520-assignment2-startercode\ide-starter\vs2017\mocapplayer\debug\quaternion.obj
d:\study\master\24spring\csci520 animation\csci520-assignment2-startercode\csci520-assignment2-startercode\ide-starter\vs2017\mocapplayer\debug\skeleton.obj
d:\study\master\24spring\csci520 animation\csci520-assignment2-startercode\csci520-assignment2-startercode\ide-starter\vs2017\mocapplayer\debug\transform.obj
d:\study\master\24spring\csci520 animation\csci520-assignment2-startercode\csci520-assignment2-startercode\ide-starter\vs2017\mocapplayer\debug\vector.obj
d:\study\master\24spring\csci520 animation\csci520-assignment2-startercode\csci520-assignment2-startercode\ide-starter\vs2017\mocapplayer\debug\mocapplayer.tlog\cl.command.1.tlog
d:\study\master\24spring\csci520 animation\csci520-assignment2-startercode\csci520-assignment2-startercode\ide-starter\vs2017\mocapplayer\debug\mocapplayer.tlog\cl.read.1.tlog
d:\study\master\24spring\csci520 animation\csci520-assignment2-startercode\csci520-assignment2-startercode\ide-starter\vs2017\mocapplayer\debug\mocapplayer.tlog\cl.write.1.tlog
d:\study\master\24spring\csci520 animation\csci520-assignment2-startercode\csci520-assignment2-startercode\ide-starter\vs2017\mocapplayer\debug\mocapplayer.tlog\link.command.1.tlog
d:\study\master\24spring\csci520 animation\csci520-assignment2-startercode\csci520-assignment2-startercode\ide-starter\vs2017\mocapplayer\debug\mocapplayer.tlog\link.read.1.tlog
d:\study\master\24spring\csci520 animation\csci520-assignment2-startercode\csci520-assignment2-startercode\ide-starter\vs2017\mocapplayer\debug\mocapplayer.tlog\link.write.1.tlog
