d:\study\master\24spring\csci520 animation\csci520-assignment2-startercode\csci520-assignment2-startercode\ide-starter\vs2017\interpolate\debug\vc141.pdb
d:\study\master\24spring\csci520 animation\csci520-assignment2-startercode\csci520-assignment2-startercode\ide-starter\vs2017\interpolate\debug\vc141.idb
d:\study\master\24spring\csci520 animation\csci520-assignment2-startercode\csci520-assignment2-startercode\ide-starter\vs2017\interpolate\debug\vector.obj
d:\study\master\24spring\csci520 animation\csci520-assignment2-startercode\csci520-assignment2-startercode\ide-starter\vs2017\interpolate\debug\transform.obj
d:\study\master\24spring\csci520 animation\csci520-assignment2-startercode\csci520-assignment2-startercode\ide-starter\vs2017\interpolate\debug\skeleton.obj
d:\study\master\24spring\csci520 animation\csci520-assignment2-startercode\csci520-assignment2-startercode\ide-starter\vs2017\interpolate\debug\quaternion.obj
d:\study\master\24spring\csci520 animation\csci520-assignment2-startercode\csci520-assignment2-startercode\ide-starter\vs2017\interpolate\debug\posture.obj
d:\study\master\24spring\csci520 animation\csci520-assignment2-startercode\csci520-assignment2-startercode\ide-starter\vs2017\interpolate\debug\performancecounter.obj
d:\study\master\24spring\csci520 animation\csci520-assignment2-startercode\csci520-assignment2-startercode\ide-starter\vs2017\interpolate\debug\motion.obj
d:\study\master\24spring\csci520 animation\csci520-assignment2-startercode\csci520-assignment2-startercode\ide-starter\vs2017\interpolate\debug\interpolator.obj
d:\study\master\24spring\csci520 animation\csci520-assignment2-startercode\csci520-assignment2-startercode\ide-starter\vs2017\interpolate\debug\interpolate.obj
d:\study\master\24spring\csci520 animation\csci520-assignment2-startercode\csci520-assignment2-startercode\ide-starter\vs2017\debug\interpolate.exe
d:\study\master\24spring\csci520 animation\csci520-assignment2-startercode\csci520-assignment2-startercode\ide-starter\vs2017\debug\interpolate.ilk
d:\study\master\24spring\csci520 animation\csci520-assignment2-startercode\csci520-assignment2-startercode\ide-starter\vs2017\debug\interpolate.pdb
d:\study\master\24spring\csci520 animation\csci520-assignment2-startercode\csci520-assignment2-startercode\ide-starter\vs2017\interpolate\debug\interpolate.tlog\cl.command.1.tlog
d:\study\master\24spring\csci520 animation\csci520-assignment2-startercode\csci520-assignment2-startercode\ide-starter\vs2017\interpolate\debug\interpolate.tlog\cl.read.1.tlog
d:\study\master\24spring\csci520 animation\csci520-assignment2-startercode\csci520-assignment2-startercode\ide-starter\vs2017\interpolate\debug\interpolate.tlog\cl.write.1.tlog
d:\study\master\24spring\csci520 animation\csci520-assignment2-startercode\csci520-assignment2-startercode\ide-starter\vs2017\interpolate\debug\interpolate.tlog\link.command.1.tlog
d:\study\master\24spring\csci520 animation\csci520-assignment2-startercode\csci520-assignment2-startercode\ide-starter\vs2017\interpolate\debug\interpolate.tlog\link.read.1.tlog
d:\study\master\24spring\csci520 animation\csci520-assignment2-startercode\csci520-assignment2-startercode\ide-starter\vs2017\interpolate\debug\interpolate.tlog\link.write.1.tlog
